[2026-04-20T15:36:55.885Z] FB_TOKEN_EXCHANGE_START: TargetPage=116337051521934
[2026-04-20T15:36:57.257Z] FB_TOKEN_EXCHANGE_PAGES_FOUND: [1050580184809763, 122095200146018831, 122102561594010103, 122108374130001218, 122105524346007202, 122103365654011343, 116337051521934, 112230268587331, 104507754498243, 355558337829310, 109394313050975]
[2026-04-20T15:36:57.257Z] FB_TOKEN_EXCHANGE_SUCCESS: Found Page Token for "Enzymatica"
[2026-04-20T15:57:20.820Z] FB_TOKEN_EXCHANGE_START: TargetPage=116337051521934
[2026-04-20T15:57:22.207Z] FB_TOKEN_EXCHANGE_PAGES_FOUND: [1050580184809763, 122095200146018831, 122102561594010103, 122108374130001218, 122105524346007202, 122103365654011343, 116337051521934, 112230268587331, 104507754498243, 355558337829310, 109394313050975]
[2026-04-20T15:57:22.218Z] FB_TOKEN_EXCHANGE_SUCCESS: Found Page Token for "Enzymatica"
[2026-04-20T15:57:22.218Z] FB_EFFECTIVE_TOKEN: [EAASQ3xroM...] (Exchanged: true)
[2026-04-20T15:57:22.218Z] FB_UPLOADING_PHOTO: /media/1776217072714-Fantastico.png
[2026-04-20T15:57:27.974Z] FB_PHOTO_POSTED: 838519895970811
[2026-04-20T15:58:14.983Z] FB_TOKEN_EXCHANGE_START: TargetPage=116337051521934
[2026-04-20T15:58:16.173Z] FB_TOKEN_EXCHANGE_PAGES_FOUND: [1050580184809763, 122095200146018831, 122102561594010103, 122108374130001218, 122105524346007202, 122103365654011343, 116337051521934, 112230268587331, 104507754498243, 355558337829310, 109394313050975]
[2026-04-20T15:58:16.174Z] FB_TOKEN_EXCHANGE_SUCCESS: Found Page Token for "Enzymatica"
[2026-04-20T15:58:16.175Z] FB_EFFECTIVE_TOKEN: [EAASQ3xroM...] (Exchanged: true)
[2026-04-20T15:58:16.175Z] FB_UPLOADING_PHOTO: /media/article_1773426972282_0.png
[2026-04-20T15:58:21.938Z] FB_PHOTO_POSTED: 838520619304072
[2026-04-20T16:04:54.142Z] FB_TOKEN_EXCHANGE_START: TargetPage=116337051521934
[2026-04-20T16:04:55.254Z] FB_TOKEN_EXCHANGE_PAGES_FOUND: [1050580184809763, 122095200146018831, 122102561594010103, 122108374130001218, 122105524346007202, 122103365654011343, 116337051521934, 112230268587331, 104507754498243, 355558337829310, 109394313050975]
[2026-04-20T16:04:55.255Z] FB_TOKEN_EXCHANGE_SUCCESS: Found Page Token for "Enzymatica"
[2026-04-20T16:04:55.255Z] FB_EFFECTIVE_TOKEN: [EAASQ3xroM...] (Exchanged: true)
[2026-04-20T16:04:55.256Z] FB_UPLOADING_PHOTO: /media/1776217072714-Fantastico.png
[2026-04-20T16:05:02.263Z] FB_PHOTO_POSTED: 838524702636997
[2026-04-20T16:05:02.525Z] FB_COMMENT_FAILURE: (#200) Permissions error
[2026-04-20T16:09:16.575Z] FB_TOKEN_EXCHANGE_START: TargetPage=1050580184809763
[2026-04-20T16:09:18.249Z] FB_TOKEN_EXCHANGE_PAGES_FOUND: [1050580184809763, 122095200146018831, 122102561594010103, 122108374130001218, 122105524346007202, 122103365654011343, 116337051521934, 112230268587331, 104507754498243, 355558337829310, 109394313050975]
[2026-04-20T16:09:18.250Z] FB_TOKEN_EXCHANGE_SUCCESS: Found Page Token for "Fantastico"
[2026-04-20T16:09:18.250Z] FB_EFFECTIVE_TOKEN: [EAASQ3xroM...] (Exchanged: true)
[2026-04-20T16:09:18.250Z] FB_UPLOADING_PHOTO: /media/1776217072714-Fantastico.png
[2026-04-20T16:09:25.731Z] FB_PHOTO_POSTED: 122105788796810328
[2026-04-20T16:09:25.982Z] FB_COMMENT_FAILURE: (#200) Permissions error
[2026-04-20T16:14:58.291Z] FB_TOKEN_EXCHANGE_START: TargetPage=1050580184809763
[2026-04-20T16:14:59.268Z] FB_TOKEN_EXCHANGE_PAGES_FOUND: [1050580184809763, 122095200146018831, 122102561594010103, 122108374130001218, 122105524346007202, 122103365654011343, 116337051521934, 112230268587331, 104507754498243, 355558337829310, 109394313050975]
[2026-04-20T16:14:59.269Z] FB_TOKEN_EXCHANGE_SUCCESS: Found Page Token for "Fantastico"
[2026-04-20T16:14:59.270Z] FB_EFFECTIVE_TOKEN: [EAASQ3xroM...] (Exchanged: true)
[2026-04-20T16:14:59.270Z] FB_UPLOADING_PHOTO: /media/1776217072714-Fantastico.png
[2026-04-20T16:15:02.099Z] FB_PHOTO_POSTED: 122105790974810328
[2026-04-20T16:15:02.369Z] FB_COMMENT_FAILURE: (#200) Permissions error
[2026-04-20T16:16:32.437Z] FB_TOKEN_EXCHANGE_START: TargetPage=1050580184809763
[2026-04-20T16:16:33.668Z] FB_TOKEN_EXCHANGE_PAGES_FOUND: [1050580184809763, 122095200146018831, 122102561594010103, 122108374130001218, 122105524346007202, 122103365654011343, 116337051521934, 112230268587331, 104507754498243, 355558337829310, 109394313050975]
[2026-04-20T16:16:33.668Z] FB_TOKEN_EXCHANGE_SUCCESS: Found Page Token for "Fantastico"
[2026-04-20T16:16:33.668Z] FB_DELETE_START: 122105790974810328 (Exchanged: true)
[2026-04-20T16:16:37.010Z] FB_DELETE_SUCCESS: 122105790974810328
[2026-04-20T16:18:45.333Z] FB_TOKEN_EXCHANGE_START: TargetPage=1050580184809763
[2026-04-20T16:18:46.814Z] FB_TOKEN_EXCHANGE_PAGES_FOUND: [1050580184809763, 122095200146018831, 122102561594010103, 122108374130001218, 122105524346007202, 122103365654011343, 116337051521934, 112230268587331, 104507754498243, 355558337829310, 109394313050975]
[2026-04-20T16:18:46.816Z] FB_TOKEN_EXCHANGE_SUCCESS: Found Page Token for "Fantastico"
[2026-04-20T16:18:46.816Z] FB_EFFECTIVE_TOKEN: [EAASQ3xroM...] (Exchanged: true)
[2026-04-20T16:18:46.817Z] FB_UPLOADING_PHOTO: /media/1776217072714-Fantastico.png
[2026-04-20T16:18:50.022Z] FB_PHOTO_POSTED: 122105792132810328
[2026-04-20T16:18:50.226Z] FB_COMMENT_FAILURE: (#200) Permissions error
